<?xml version='1.0' encoding='UTF-8'?>
<testsuite hostname="DESKTOP-NS8PKR3" name="de.uni_saarland.cs.se.DecoratorDatabaseTest" tests="6" errors="0" failures="0" skipped="0" time="0.041" timestamp="2022-12-16T20:48:43">
          <properties>
[...]
</properties>
          <testcase classname="de.uni_saarland.cs.se.DecoratorDatabaseTest" name="A read-only database should only allow read operations." time="0.03">
                      
                    </testcase><testcase classname="de.uni_saarland.cs.se.DecoratorDatabaseTest" name="A read-write database should allow read and write operations." time="0.003">
                      
                    </testcase><testcase classname="de.uni_saarland.cs.se.DecoratorDatabaseTest" name="A database with transactions should require committing before reading." time="0.002">
                      
                    </testcase><testcase classname="de.uni_saarland.cs.se.DecoratorDatabaseTest" name="A database with transactions should not store roll-backed values." time="0.001">
                      
                    </testcase><testcase classname="de.uni_saarland.cs.se.DecoratorDatabaseTest" name="A data base with logging should log all operations" time="0.003">
                      
                    </testcase><testcase classname="de.uni_saarland.cs.se.DecoratorDatabaseTest" name="Foo should Bar" time="0.002">
                      
                    </testcase>
          <system-out><![CDATA[]]></system-out>
          <system-err><![CDATA[]]></system-err>
        </testsuite>