[0m[[0m[0mdebug[0m] [0m[0mRunning TaskDef(de.uni_saarland.cs.se.DecoratorDatabaseTest, org.scalatest.tools.Framework$$anon$1@6b7d5ee3, false, [SuiteSelector])[0m
[0m[[0m[0mdebug[0m] [0m[0mRunning TaskDef(de.uni_saarland.cs.se.RuntimeDatabaseTest, org.scalatest.tools.Framework$$anon$1@6b7d5ee3, false, [SuiteSelector])[0m
[0m[[0m[0mdebug[0m] [0m[0mRunning TaskDef(de.uni_saarland.cs.se.TraitsDatabaseTest, org.scalatest.tools.Framework$$anon$1@6b7d5ee3, false, [SuiteSelector])[0m
[0m[[0m[0minfo[0m] [0m[0m[32mRuntimeDatabaseTest:[0m[0m
[0m[[0m[0minfo[0m] [0m[0m[32mA read-only database[0m[0m
[0m[[0m[0minfo[0m] [0m[0m[31m- should only allow read operations. *** FAILED ***[0m[0m
[0m[[0m[0minfo[0m] [0m[0m[31m  Expected exception de.uni_saarland.cs.se.utils.ConfigurationError to be thrown, but no exception was thrown (RuntimeDatabaseTest.scala:23)[0m[0m
[0m[[0m[0minfo[0m] [0m[0m[32mA read-write database[0m[0m
[0m[[0m[0minfo[0m] [0m[0m[31m- should allow read and write operations. *** FAILED ***[0m[0m
[0m[[0m[0minfo[0m] [0m[0m[31m  Expected exception de.uni_saarland.cs.se.utils.ConfigurationError to be thrown, but no exception was thrown (RuntimeDatabaseTest.scala:41)[0m[0m
[0m[[0m[0minfo[0m] [0m[0m[32mA database with transactions[0m[0m
[0m[[0m[0minfo[0m] [0m[0m[32m- should require committing before reading.[0m[0m
[0m[[0m[0minfo[0m] [0m[0m[32mA database with transactions[0m[0m
[0m[[0m[0minfo[0m] [0m[0m[31m- should not store roll-backed values. *** FAILED ***[0m[0m
[0m[[0m[0minfo[0m] [0m[0m[31m  Some("1") was not empty (RuntimeDatabaseTest.scala:76)[0m[0m
[0m[[0m[0minfo[0m] [0m[0m[32mA data base with logging[0m[0m
[0m[[0m[0minfo[0m] [0m[0m[31m- should log all operations *** FAILED ***[0m[0m
[0m[[0m[0minfo[0m] [0m[0m[31m  "Committing 2 entries.[0m[0m
[0m[[0m[0minfo[0m] [0m[0m[31m  " did not start with "Committing 1 entries." (RuntimeDatabaseTest.scala:105)[0m[0m
[0m[[0m[0minfo[0m] [0m[0m[32mFoo[0m[0m
[0m[[0m[0minfo[0m] [0m[0m[32m- should Bar[0m[0m
[0m[[0m[0minfo[0m] [0m[0m[32mDecoratorDatabaseTest:[0m[0m
[0m[[0m[0minfo[0m] [0m[0m[32mA read-only database[0m[0m
[0m[[0m[0minfo[0m] [0m[0m[31m- should only allow read operations. *** FAILED ***[0m[0m
[0m[[0m[0minfo[0m] [0m[0m[31m  LIST did not equal MAP (DecoratorDatabaseTest.scala:19)[0m[0m
[0m[[0m[0minfo[0m] [0m[0m[32mA read-write database[0m[0m
[0m[[0m[0minfo[0m] [0m[0m[31m- should allow read and write operations. *** FAILED ***[0m[0m
[0m[[0m[0minfo[0m] [0m[0m[31m  None did not contain "bar" (DecoratorDatabaseTest.scala:26)[0m[0m
[0m[[0m[0minfo[0m] [0m[0m[32mA database with transactions[0m[0m
[0m[[0m[0minfo[0m] [0m[0m[31m- should require committing before reading. *** FAILED ***[0m[0m
[0m[[0m[0minfo[0m] [0m[0m[31m  None did not contain "bar" (DecoratorDatabaseTest.scala:37)[0m[0m
[0m[[0m[0minfo[0m] [0m[0m[32mA database with transactions[0m[0m
[0m[[0m[0minfo[0m] [0m[0m[31m- should not store roll-backed values. *** FAILED ***[0m[0m
[0m[[0m[0minfo[0m] [0m[0m[31m  None did not contain "2" (DecoratorDatabaseTest.scala:49)[0m[0m
[0m[[0m[0minfo[0m] [0m[0m[32mA data base with logging[0m[0m
[0m[[0m[0minfo[0m] [0m[0m[31m- should log all operations *** FAILED ***[0m[0m
[0m[[0m[0minfo[0m] [0m[0m[31m  "Rolling back 0 entries.[0m[0m
[0m[[0m[0minfo[0m] [0m[0m[31m  " did not start with "Rolling back 1 entries." (DecoratorDatabaseTest.scala:62)[0m[0m
[0m[[0m[0minfo[0m] [0m[0m[32mFoo[0m[0m
[0m[[0m[0minfo[0m] [0m[0m[32m- should Bar[0m[0m
[0m[[0m[0minfo[0m] [0m[0m[32mTraitsDatabaseTest:[0m[0m
[0m[[0m[0minfo[0m] [0m[0m[32mA read-only database[0m[0m
[0m[[0m[0minfo[0m] [0m[0m[32m- should only allow read operations.[0m[0m
[0m[[0m[0minfo[0m] [0m[0m[32mA read-write database[0m[0m
[0m[[0m[0minfo[0m] [0m[0m[31m- should allow read and write operations. *** FAILED ***[0m[0m
[0m[[0m[0minfo[0m] [0m[0m[31m  None did not contain "bar" (TraitsDatabaseTest.scala:30)[0m[0m
[0m[[0m[0minfo[0m] [0m[0m[32mA database with transactions[0m[0m
[0m[[0m[0minfo[0m] [0m[0m[31m- should require committing before reading. *** FAILED ***[0m[0m
[0m[[0m[0minfo[0m] [0m[0m[31m  None did not contain "bar" (TraitsDatabaseTest.scala:39)[0m[0m
[0m[[0m[0minfo[0m] [0m[0m[32mA database with transactions[0m[0m
[0m[[0m[0minfo[0m] [0m[0m[31m- should not store roll-backed values. *** FAILED ***[0m[0m
[0m[[0m[0minfo[0m] [0m[0m[31m  None did not contain "2" (TraitsDatabaseTest.scala:51)[0m[0m
[0m[[0m[0minfo[0m] [0m[0m[32mA data base with logging[0m[0m
[0m[[0m[0minfo[0m] [0m[0m[31m- should log all operations *** FAILED ***[0m[0m
[0m[[0m[0minfo[0m] [0m[0m[31m  "Rolling back 0 entries.[0m[0m
[0m[[0m[0minfo[0m] [0m[0m[31m  " did not start with "Rolling back 1 entries." (TraitsDatabaseTest.scala:64)[0m[0m
[0m[[0m[0minfo[0m] [0m[0m[32mFoo[0m[0m
[0m[[0m[0minfo[0m] [0m[0m[32m- should Bar[0m[0m
[0m[[0m[0minfo[0m] [0m[0m[36mRun completed in 810 milliseconds.[0m[0m
[0m[[0m[0minfo[0m] [0m[0m[36mTotal number of tests run: 18[0m[0m
[0m[[0m[0minfo[0m] [0m[0m[36mSuites: completed 3, aborted 0[0m[0m
[0m[[0m[0minfo[0m] [0m[0m[36mTests: succeeded 5, failed 13, canceled 0, ignored 0, pending 0[0m[0m
[0m[[0m[0minfo[0m] [0m[0m[31m*** 13 TESTS FAILED ***[0m[0m
[0m[[0m[31merror[0m] [0m[0mFailed tests:[0m
[0m[[0m[31merror[0m] [0m[0m	de.uni_saarland.cs.se.DecoratorDatabaseTest[0m
[0m[[0m[31merror[0m] [0m[0m	de.uni_saarland.cs.se.RuntimeDatabaseTest[0m
[0m[[0m[31merror[0m] [0m[0m	de.uni_saarland.cs.se.TraitsDatabaseTest[0m
[0m[[0m[31merror[0m] [0m[0m(Test / [31mtest[0m) sbt.TestsFailedException: Tests unsuccessful[0m
